<?xml version="1.0" encoding="UTF-8"?>
<!-- Generated by org.testng.reporters.JUnitXMLReporter -->
<testsuite hostname="L098861" name="Default test" tests="2" failures="0" timestamp="18 Oct 2019 00:54:10 GMT" time="78.276" errors="0">
  <testcase name="deleteLocation (DeleteLocation_AyazTestLocation_Chrome)" time="38.276" classname="com.tractionGuest.suiteLocation.DeleteLocation"/>
  <testcase name="deleteLocation (DeleteLocation_AyazTestLocationUpdated_Chrome)" time="38.61" classname="com.tractionGuest.suiteLocation.DeleteLocation"/>
</testsuite> <!-- Default test -->
