<?xml version="1.0" encoding="UTF-8"?>
<!-- Generated by org.testng.reporters.JUnitXMLReporter -->
<testsuite hostname="L098861" name="AddLocationTesting" tests="2" failures="0" timestamp="18 Oct 2019 01:04:36 GMT" time="11.196" errors="0">
  <testcase name="addLocation (AddLocation_AyazTestLocation_Chrome)" time="4.588" classname="com.tractionGuest.suiteLocation.AddLocation"/>
  <testcase name="addLocation (AddLocation_HasanTestLocation_Chrome)" time="2.082" classname="com.tractionGuest.suiteLocation.AddLocation"/>
</testsuite> <!-- AddLocationTesting -->
