<?xml version="1.0" encoding="UTF-8"?>
<!-- Generated by org.testng.reporters.JUnitXMLReporter -->
<testsuite hostname="L098861" name="CreateInviteOnExistingLocationTesting" tests="2" failures="0" timestamp="18 Oct 2019 00:58:40 GMT" time="109.216" errors="0">
  <testcase name="createInviteOnExistingLocation (CreateInviteOnExistingLocation1_AyazTestLocationUpdated_Chrome)" time="49.936" classname="com.tractionGuest.suiteLocation.CreateInviteOnExistingLocation"/>
  <testcase name="createInviteOnExistingLocation (CreateInviteOnExistingLocation2_AyazTestLocationUpdated_Chrome)" time="57.715" classname="com.tractionGuest.suiteLocation.CreateInviteOnExistingLocation"/>
</testsuite> <!-- CreateInviteOnExistingLocationTesting -->
