<?xml version="1.0" encoding="UTF-8"?>
<!-- Generated by org.testng.reporters.JUnitXMLReporter -->
<testsuite hostname="L098861" name="CreateBulkInviteOnExistingLocationTesting" tests="1" failures="0" timestamp="18 Oct 2019 00:59:29 GMT" time="48.47" errors="0">
  <testcase name="createBulkInviteOnExistingLoc (CreateBulkInviteOnExistingLoc_AyazTestLocationUpdated_Chrome)" time="47.682" classname="com.tractionGuest.suiteLocation.CreateBulkInviteOnExistingLoc"/>
</testsuite> <!-- CreateBulkInviteOnExistingLocationTesting -->
