<?xml version="1.0" encoding="UTF-8"?>
<!-- Generated by org.testng.reporters.JUnitXMLReporter -->
<testsuite hostname="L098861" name="DeleteLocationTesting" tests="2" failures="0" timestamp="18 Oct 2019 01:00:36 GMT" time="67.271" errors="0">
  <testcase name="deleteLocation (DeleteLocation_AyazTestLocation_Chrome)" time="37.81" classname="com.tractionGuest.suiteLocation.DeleteLocation"/>
  <testcase name="deleteLocation (DeleteLocation_AyazTestLocationUpdated_Chrome)" time="28.684" classname="com.tractionGuest.suiteLocation.DeleteLocation"/>
</testsuite> <!-- DeleteLocationTesting -->
